Using pre-set license
Built from '2022.3/staging' branch; Version is '2022.3.50f1 (c3db7f8bf9b1) revision 12835711'; Using compiler version '192829333'; Build Type 'Release'
OS: 'Windows 10  (10.0.19045) 64bit CoreSingleLanguage' Language: 'tr' Physical Memory: 32577 MB
BatchMode: 1, IsHumanControllingUs: 0, StartBugReporterOnCrash: 0, Is64bit: 1, IsPro: 1

COMMAND LINE ARGUMENTS:
C:\Program Files\Unity\Hub\Editor\2022.3.50f1\Editor\Unity.exe
-adb2
-batchMode
-noUpm
-name
AssetImportWorker0
-projectPath
D:/UnityProjectFiles/DGD070-EyupEnsarOzcen-FinalProject
-logFile
Logs/AssetImportWorker0.log
-srvPort
63995
Successfully changed project path to: D:/UnityProjectFiles/DGD070-EyupEnsarOzcen-FinalProject
D:/UnityProjectFiles/DGD070-EyupEnsarOzcen-FinalProject
[UnityMemory] Configuration Parameters - Can be set up in boot.config
    "memorysetup-bucket-allocator-granularity=16"
    "memorysetup-bucket-allocator-bucket-count=8"
    "memorysetup-bucket-allocator-block-size=33554432"
    "memorysetup-bucket-allocator-block-count=8"
    "memorysetup-main-allocator-block-size=16777216"
    "memorysetup-thread-allocator-block-size=16777216"
    "memorysetup-gfx-main-allocator-block-size=16777216"
    "memorysetup-gfx-thread-allocator-block-size=16777216"
    "memorysetup-cache-allocator-block-size=4194304"
    "memorysetup-typetree-allocator-block-size=2097152"
    "memorysetup-profiler-bucket-allocator-granularity=16"
    "memorysetup-profiler-bucket-allocator-bucket-count=8"
    "memorysetup-profiler-bucket-allocator-block-size=33554432"
    "memorysetup-profiler-bucket-allocator-block-count=8"
    "memorysetup-profiler-allocator-block-size=16777216"
    "memorysetup-profiler-editor-allocator-block-size=1048576"
    "memorysetup-temp-allocator-size-main=16777216"
    "memorysetup-job-temp-allocator-block-size=2097152"
    "memorysetup-job-temp-allocator-block-size-background=1048576"
    "memorysetup-job-temp-allocator-reduction-small-platforms=262144"
    "memorysetup-allocator-temp-initial-block-size-main=262144"
    "memorysetup-allocator-temp-initial-block-size-worker=262144"
    "memorysetup-temp-allocator-size-background-worker=32768"
    "memorysetup-temp-allocator-size-job-worker=262144"
    "memorysetup-temp-allocator-size-preload-manager=33554432"
    "memorysetup-temp-allocator-size-nav-mesh-worker=65536"
    "memorysetup-temp-allocator-size-audio-worker=65536"
    "memorysetup-temp-allocator-size-cloud-worker=32768"
    "memorysetup-temp-allocator-size-gi-baking-worker=262144"
    "memorysetup-temp-allocator-size-gfx=262144"
Player connection [7984]  Target information:

Player connection [7984]  * "[IP] 192.168.1.187 [Port] 0 [Flags] 2 [Guid] 1160299044 [EditorId] 1160299044 [Version] 1048832 [Id] WindowsEditor(7,DESKTOP-5OFI751) [Debug] 1 [PackageName] WindowsEditor [ProjectName] Editor" 

Player connection [7984] Host joined multi-casting on [225.0.0.222:54997]...
Player connection [7984] Host joined alternative multi-casting on [225.0.0.222:34997]...
[PhysX] Initialized MultithreadedTaskDispatcher with 16 workers.
Refreshing native plugins compatible for Editor in 15.26 ms, found 3 plugins.
Preloading 0 native plugins for Editor in 0.00 ms.
Initialize engine version: 2022.3.50f1 (c3db7f8bf9b1)
[Subsystems] Discovering subsystems at path C:/Program Files/Unity/Hub/Editor/2022.3.50f1/Editor/Data/Resources/UnitySubsystems
[Subsystems] Discovering subsystems at path D:/UnityProjectFiles/DGD070-EyupEnsarOzcen-FinalProject/Assets
GfxDevice: creating device client; threaded=0; jobified=0
Direct3D:
    Version:  Direct3D 11.0 [level 11.1]
    Renderer: NVIDIA GeForce RTX 3070 Laptop GPU (ID=0x249d)
    Vendor:   NVIDIA
    VRAM:     8020 MB
    Driver:   32.0.15.6603
Initialize mono
Mono path[0] = 'C:/Program Files/Unity/Hub/Editor/2022.3.50f1/Editor/Data/Managed'
Mono path[1] = 'C:/Program Files/Unity/Hub/Editor/2022.3.50f1/Editor/Data/MonoBleedingEdge/lib/mono/unityjit-win32'
Mono config path = 'C:/Program Files/Unity/Hub/Editor/2022.3.50f1/Editor/Data/MonoBleedingEdge/etc'
Using monoOptions --debugger-agent=transport=dt_socket,embedding=1,server=y,suspend=n,address=127.0.0.1:56476
Begin MonoManager ReloadAssembly
Registering precompiled unity dll's ...
Register platform support module: C:/Program Files/Unity/Hub/Editor/2022.3.50f1/Editor/Data/PlaybackEngines/WindowsStandaloneSupport/UnityEditor.WindowsStandalone.Extensions.dll
Registered in 0.007548 seconds.
- Loaded All Assemblies, in  0.314 seconds
Native extension for WindowsStandalone target not found
Mono: successfully reloaded assembly
- Finished resetting the current domain, in  0.233 seconds
Domain Reload Profiling: 545ms
	BeginReloadAssembly (97ms)
		ExecutionOrderSort (0ms)
		DisableScriptedObjects (0ms)
		BackupInstance (0ms)
		ReleaseScriptingObjects (0ms)
		CreateAndSetChildDomain (1ms)
	RebuildCommonClasses (36ms)
	RebuildNativeTypeToScriptingClass (10ms)
	initialDomainReloadingComplete (51ms)
	LoadAllAssembliesAndSetupDomain (117ms)
		LoadAssemblies (95ms)
		RebuildTransferFunctionScriptingTraits (0ms)
		AnalyzeDomain (115ms)
			TypeCache.Refresh (114ms)
				TypeCache.ScanAssembly (101ms)
			ScanForSourceGeneratedMonoScriptInfo (0ms)
			ResolveRequiredComponents (0ms)
	FinalizeReload (233ms)
		ReleaseScriptCaches (0ms)
		RebuildScriptCaches (0ms)
		SetupLoadedEditorAssemblies (192ms)
			LogAssemblyErrors (0ms)
			InitializePlatformSupportModulesInManaged (9ms)
			SetLoadedEditorAssemblies (6ms)
			RefreshPlugins (0ms)
			BeforeProcessingInitializeOnLoad (2ms)
			ProcessInitializeOnLoadAttributes (134ms)
			ProcessInitializeOnLoadMethodAttributes (42ms)
			AfterProcessingInitializeOnLoad (0ms)
			EditorAssembliesLoaded (0ms)
		ExecutionOrderSort2 (0ms)
		AwakeInstancesAfterBackupRestoration (0ms)
========================================================================
Worker process is ready to serve import requests
Caller must complete domain reload
Begin MonoManager ReloadAssembly
- Loaded All Assemblies, in  0.624 seconds
Native extension for WindowsStandalone target not found
Mono: successfully reloaded assembly
- Finished resetting the current domain, in  0.521 seconds
Domain Reload Profiling: 1144ms
	BeginReloadAssembly (142ms)
		ExecutionOrderSort (0ms)
		DisableScriptedObjects (5ms)
		BackupInstance (0ms)
		ReleaseScriptingObjects (0ms)
		CreateAndSetChildDomain (23ms)
	RebuildCommonClasses (33ms)
	RebuildNativeTypeToScriptingClass (9ms)
	initialDomainReloadingComplete (41ms)
	LoadAllAssembliesAndSetupDomain (397ms)
		LoadAssemblies (312ms)
		RebuildTransferFunctionScriptingTraits (0ms)
		AnalyzeDomain (169ms)
			TypeCache.Refresh (146ms)
				TypeCache.ScanAssembly (131ms)
			ScanForSourceGeneratedMonoScriptInfo (14ms)
			ResolveRequiredComponents (6ms)
	FinalizeReload (522ms)
		ReleaseScriptCaches (0ms)
		RebuildScriptCaches (0ms)
		SetupLoadedEditorAssemblies (402ms)
			LogAssemblyErrors (0ms)
			InitializePlatformSupportModulesInManaged (6ms)
			SetLoadedEditorAssemblies (3ms)
			RefreshPlugins (0ms)
			BeforeProcessingInitializeOnLoad (50ms)
			ProcessInitializeOnLoadAttributes (319ms)
			ProcessInitializeOnLoadMethodAttributes (18ms)
			AfterProcessingInitializeOnLoad (7ms)
			EditorAssembliesLoaded (0ms)
		ExecutionOrderSort2 (0ms)
		AwakeInstancesAfterBackupRestoration (6ms)
Launched and connected shader compiler UnityShaderCompiler.exe after 0.04 seconds
Refreshing native plugins compatible for Editor in 4.80 ms, found 3 plugins.
Preloading 0 native plugins for Editor in 0.00 ms.
Unloading 3195 Unused Serialized files (Serialized files now loaded: 0)
Unloading 43 unused Assets / (62.8 KB). Loaded Objects now: 3650.
Memory consumption went from 120.8 MB to 120.7 MB.
Total: 2.497200 ms (FindLiveObjects: 0.250600 ms CreateObjectMapping: 0.089100 ms MarkObjects: 2.051900 ms  DeleteObjects: 0.105000 ms)

AssetImportParameters requested are different than current active one (requested -> active):
  custom:container-demuxer-ogg: 62fdf1f143b41e24485cea50d1cbac27 -> 
  custom:video-decoder-ogg-theora: a1e56fd34408186e4bbccfd4996cb3dc -> 
  custom:framework-win-MediaFoundation: 216162199b28c13a410421893ffa2e32 -> 
  custom:CustomObjectIndexerAttribute: 9a22284fe3817be447336de3de66b15e -> 
  custom:container-demuxer-webm: 4f35f7cbe854078d1ac9338744f61a02 -> 
  custom:container-muxer-webm: aa71ff27fc2769a1b78a27578f13a17b -> 
  custom:video-decoder-webm-vp8: 9c59270c3fd7afecdb556c50c9e8de78 -> 
  custom:SearchIndexIgnoredProperties: e643bd26f0fe6173181afceb89e7c659 -> 
  custom:AudioImporter_EditorPlatform: d09bf68614088b80899f8185d706f6e7 -> 
  custom:video-encoder-webm-vp8: eb34c28f22e8b96e1ab97ce403110664 -> 
  custom:audio-decoder-ogg-vorbis: bf7c407c2cedff20999df2af8eb42d56 -> 
  custom:audio-encoder-webm-vorbis: bf7c407c2cedff20999df2af8eb42d56 -> 
========================================================================
Received Import Request.
  Time since last request: 781773.923008 seconds.
  path: Assets/FinalProject/GameController.cs
  artifactKey: Guid(04b9b2bb98b49334ca9db5c3b1a0a5ef) Importer(815301076,1909f56bfc062723c751e8b465ee728b)
Start importing Assets/FinalProject/GameController.cs using Guid(04b9b2bb98b49334ca9db5c3b1a0a5ef) Importer(815301076,1909f56bfc062723c751e8b465ee728b) [PhysX] Initialized MultithreadedTaskDispatcher with 16 workers.
 -> (artifact id: '0aa4b3e1639022c9c8e53248d6784cf1') in 0.002731 seconds
Number of updated asset objects reloaded before import = 0
Number of asset objects unloaded after import = 0
========================================================================
Received Import Request.
  Time since last request: 56.538088 seconds.
  path: Assets/FinalProject/CubePrefab.prefab
  artifactKey: Guid(92bd0487074e3c04d9ad1b01262c4962) Importer(815301076,1909f56bfc062723c751e8b465ee728b)
Start importing Assets/FinalProject/CubePrefab.prefab using Guid(92bd0487074e3c04d9ad1b01262c4962) Importer(815301076,1909f56bfc062723c751e8b465ee728b) [PhysX] Initialized MultithreadedTaskDispatcher with 16 workers.
[PhysX] Initialized MultithreadedTaskDispatcher with 16 workers.
 -> (artifact id: '124a1b067b89d7f7a8637e0b77466f20') in 0.315338 seconds
Number of updated asset objects reloaded before import = 0
Number of asset objects unloaded after import = 7
========================================================================
Received Import Request.
  Time since last request: 30.500658 seconds.
  path: Assets/FinalProject/MoveCube.cs
  artifactKey: Guid(881af43552517424a97b97d16a066510) Importer(815301076,1909f56bfc062723c751e8b465ee728b)
Start importing Assets/FinalProject/MoveCube.cs using Guid(881af43552517424a97b97d16a066510) Importer(815301076,1909f56bfc062723c751e8b465ee728b) [PhysX] Initialized MultithreadedTaskDispatcher with 16 workers.
 -> (artifact id: 'bf07c1278a39489959194c2f365c3105') in 0.000415 seconds
Number of updated asset objects reloaded before import = 0
Number of asset objects unloaded after import = 0
========================================================================
Received Prepare
Caller must complete domain reload
Begin MonoManager ReloadAssembly
- Loaded All Assemblies, in  0.792 seconds
Native extension for WindowsStandalone target not found
Mono: successfully reloaded assembly
- Finished resetting the current domain, in  1.205 seconds
Domain Reload Profiling: 1994ms
	BeginReloadAssembly (253ms)
		ExecutionOrderSort (0ms)
		DisableScriptedObjects (6ms)
		BackupInstance (0ms)
		ReleaseScriptingObjects (0ms)
		CreateAndSetChildDomain (58ms)
	RebuildCommonClasses (59ms)
	RebuildNativeTypeToScriptingClass (18ms)
	initialDomainReloadingComplete (51ms)
	LoadAllAssembliesAndSetupDomain (408ms)
		LoadAssemblies (518ms)
		RebuildTransferFunctionScriptingTraits (0ms)
		AnalyzeDomain (41ms)
			TypeCache.Refresh (21ms)
				TypeCache.ScanAssembly (1ms)
			ScanForSourceGeneratedMonoScriptInfo (11ms)
			ResolveRequiredComponents (7ms)
	FinalizeReload (1206ms)
		ReleaseScriptCaches (0ms)
		RebuildScriptCaches (0ms)
		SetupLoadedEditorAssemblies (582ms)
			LogAssemblyErrors (0ms)
			InitializePlatformSupportModulesInManaged (9ms)
			SetLoadedEditorAssemblies (6ms)
			RefreshPlugins (0ms)
			BeforeProcessingInitializeOnLoad (74ms)
			ProcessInitializeOnLoadAttributes (440ms)
			ProcessInitializeOnLoadMethodAttributes (37ms)
			AfterProcessingInitializeOnLoad (15ms)
			EditorAssembliesLoaded (1ms)
		ExecutionOrderSort2 (0ms)
		AwakeInstancesAfterBackupRestoration (13ms)
Refreshing native plugins compatible for Editor in 6.87 ms, found 3 plugins.
Preloading 0 native plugins for Editor in 0.00 ms.
Unloading 3188 Unused Serialized files (Serialized files now loaded: 0)
Unloading 37 unused Assets / (35.8 KB). Loaded Objects now: 3664.
Memory consumption went from 124.2 MB to 124.2 MB.
Total: 4.865500 ms (FindLiveObjects: 0.466200 ms CreateObjectMapping: 0.218600 ms MarkObjects: 4.034800 ms  DeleteObjects: 0.142900 ms)

Prepare: number of updated asset objects reloaded= 0
AssetImportParameters requested are different than current active one (requested -> active):
  custom:container-demuxer-ogg: 62fdf1f143b41e24485cea50d1cbac27 -> 
  custom:video-decoder-ogg-theora: a1e56fd34408186e4bbccfd4996cb3dc -> 
  custom:framework-win-MediaFoundation: 216162199b28c13a410421893ffa2e32 -> 
  custom:CustomObjectIndexerAttribute: 9a22284fe3817be447336de3de66b15e -> 
  custom:container-demuxer-webm: 4f35f7cbe854078d1ac9338744f61a02 -> 
  custom:container-muxer-webm: aa71ff27fc2769a1b78a27578f13a17b -> 
  custom:video-decoder-webm-vp8: 9c59270c3fd7afecdb556c50c9e8de78 -> 
  custom:SearchIndexIgnoredProperties: e643bd26f0fe6173181afceb89e7c659 -> 
  custom:AudioImporter_EditorPlatform: d09bf68614088b80899f8185d706f6e7 -> 
  custom:video-encoder-webm-vp8: eb34c28f22e8b96e1ab97ce403110664 -> 
  custom:audio-decoder-ogg-vorbis: bf7c407c2cedff20999df2af8eb42d56 -> 
  custom:audio-encoder-webm-vorbis: bf7c407c2cedff20999df2af8eb42d56 -> 
  custom:scripting/monoscript/fileName/MoveCube.cs: 3e07750fb67413ef97d1a4999db37d26 -> 
  custom:scripting/precompiled-assembly-types:Assembly-CSharp: 073e0bb74dc76ae7f247b097c9f9e682 -> 451216b149daf53543bbcf767332becf
========================================================================
Received Import Request.
  Time since last request: 8.986324 seconds.
  path: Assets/FinalProject/MoveCube.cs
  artifactKey: Guid(881af43552517424a97b97d16a066510) Importer(815301076,1909f56bfc062723c751e8b465ee728b)
Start importing Assets/FinalProject/MoveCube.cs using Guid(881af43552517424a97b97d16a066510) Importer(815301076,1909f56bfc062723c751e8b465ee728b) [PhysX] Initialized MultithreadedTaskDispatcher with 16 workers.
 -> (artifact id: '6c9f23422c289b980936c98b81cb02e9') in 0.006977 seconds
Number of updated asset objects reloaded before import = 0
Number of asset objects unloaded after import = 0
========================================================================
Received Import Request.
  Time since last request: 35.511022 seconds.
  path: Assets/FinalProject/MoveCube.cs
  artifactKey: Guid(881af43552517424a97b97d16a066510) Importer(815301076,1909f56bfc062723c751e8b465ee728b)
Start importing Assets/FinalProject/MoveCube.cs using Guid(881af43552517424a97b97d16a066510) Importer(815301076,1909f56bfc062723c751e8b465ee728b) [PhysX] Initialized MultithreadedTaskDispatcher with 16 workers.
 -> (artifact id: '407b9b68fcfca245cb89a06f78b23530') in 0.000494 seconds
Number of updated asset objects reloaded before import = 0
Number of asset objects unloaded after import = 0
========================================================================
Received Prepare
Caller must complete domain reload
Begin MonoManager ReloadAssembly
- Loaded All Assemblies, in  0.458 seconds
Native extension for WindowsStandalone target not found
Mono: successfully reloaded assembly
- Finished resetting the current domain, in  0.776 seconds
Domain Reload Profiling: 1232ms
	BeginReloadAssembly (142ms)
		ExecutionOrderSort (0ms)
		DisableScriptedObjects (4ms)
		BackupInstance (0ms)
		ReleaseScriptingObjects (0ms)
		CreateAndSetChildDomain (33ms)
	RebuildCommonClasses (30ms)
	RebuildNativeTypeToScriptingClass (9ms)
	initialDomainReloadingComplete (33ms)
	LoadAllAssembliesAndSetupDomain (242ms)
		LoadAssemblies (294ms)
		RebuildTransferFunctionScriptingTraits (0ms)
		AnalyzeDomain (25ms)
			TypeCache.Refresh (9ms)
				TypeCache.ScanAssembly (1ms)
			ScanForSourceGeneratedMonoScriptInfo (7ms)
			ResolveRequiredComponents (7ms)
	FinalizeReload (776ms)
		ReleaseScriptCaches (0ms)
		RebuildScriptCaches (0ms)
		SetupLoadedEditorAssemblies (366ms)
			LogAssemblyErrors (0ms)
			InitializePlatformSupportModulesInManaged (9ms)
			SetLoadedEditorAssemblies (4ms)
			RefreshPlugins (0ms)
			BeforeProcessingInitializeOnLoad (59ms)
			ProcessInitializeOnLoadAttributes (269ms)
			ProcessInitializeOnLoadMethodAttributes (18ms)
			AfterProcessingInitializeOnLoad (8ms)
			EditorAssembliesLoaded (0ms)
		ExecutionOrderSort2 (0ms)
		AwakeInstancesAfterBackupRestoration (6ms)
Refreshing native plugins compatible for Editor in 4.56 ms, found 3 plugins.
Preloading 0 native plugins for Editor in 0.00 ms.
Unloading 3188 Unused Serialized files (Serialized files now loaded: 0)
Unloading 37 unused Assets / (35.8 KB). Loaded Objects now: 3667.
Memory consumption went from 124.2 MB to 124.2 MB.
Total: 2.552100 ms (FindLiveObjects: 0.265400 ms CreateObjectMapping: 0.100200 ms MarkObjects: 2.134100 ms  DeleteObjects: 0.051400 ms)

Prepare: number of updated asset objects reloaded= 0
AssetImportParameters requested are different than current active one (requested -> active):
  custom:container-demuxer-ogg: 62fdf1f143b41e24485cea50d1cbac27 -> 
  custom:video-decoder-ogg-theora: a1e56fd34408186e4bbccfd4996cb3dc -> 
  custom:framework-win-MediaFoundation: 216162199b28c13a410421893ffa2e32 -> 
  custom:CustomObjectIndexerAttribute: 9a22284fe3817be447336de3de66b15e -> 
  custom:container-demuxer-webm: 4f35f7cbe854078d1ac9338744f61a02 -> 
  custom:container-muxer-webm: aa71ff27fc2769a1b78a27578f13a17b -> 
  custom:video-decoder-webm-vp8: 9c59270c3fd7afecdb556c50c9e8de78 -> 
  custom:SearchIndexIgnoredProperties: e643bd26f0fe6173181afceb89e7c659 -> 
  custom:AudioImporter_EditorPlatform: d09bf68614088b80899f8185d706f6e7 -> 
  custom:video-encoder-webm-vp8: eb34c28f22e8b96e1ab97ce403110664 -> 
  custom:audio-decoder-ogg-vorbis: bf7c407c2cedff20999df2af8eb42d56 -> 
  custom:audio-encoder-webm-vorbis: bf7c407c2cedff20999df2af8eb42d56 -> 
  custom:scripting/monoscript/fileName/MoveCube.cs: 3e07750fb67413ef97d1a4999db37d26 -> 
  custom:scripting/precompiled-assembly-types:Assembly-CSharp: 073e0bb74dc76ae7f247b097c9f9e682 -> 451216b149daf53543bbcf767332becf
========================================================================
Received Import Request.
  Time since last request: 19.359288 seconds.
  path: Assets/FinalProject/PrefabReference.cs
  artifactKey: Guid(82d31942046feb848a509fc4cd3d3242) Importer(815301076,1909f56bfc062723c751e8b465ee728b)
Start importing Assets/FinalProject/PrefabReference.cs using Guid(82d31942046feb848a509fc4cd3d3242) Importer(815301076,1909f56bfc062723c751e8b465ee728b) [PhysX] Initialized MultithreadedTaskDispatcher with 16 workers.
 -> (artifact id: '7a5498c10520b660c48ddb5b60b88e02') in 0.002543 seconds
Number of updated asset objects reloaded before import = 0
Number of asset objects unloaded after import = 0
========================================================================
Received Prepare
Caller must complete domain reload
Begin MonoManager ReloadAssembly
- Loaded All Assemblies, in  0.626 seconds
Native extension for WindowsStandalone target not found
Mono: successfully reloaded assembly
- Finished resetting the current domain, in  1.184 seconds
Domain Reload Profiling: 1808ms
	BeginReloadAssembly (230ms)
		ExecutionOrderSort (0ms)
		DisableScriptedObjects (9ms)
		BackupInstance (0ms)
		ReleaseScriptingObjects (0ms)
		CreateAndSetChildDomain (42ms)
	RebuildCommonClasses (40ms)
	RebuildNativeTypeToScriptingClass (12ms)
	initialDomainReloadingComplete (41ms)
	LoadAllAssembliesAndSetupDomain (300ms)
		LoadAssemblies (410ms)
		RebuildTransferFunctionScriptingTraits (0ms)
		AnalyzeDomain (31ms)
			TypeCache.Refresh (16ms)
				TypeCache.ScanAssembly (3ms)
			ScanForSourceGeneratedMonoScriptInfo (8ms)
			ResolveRequiredComponents (5ms)
	FinalizeReload (1185ms)
		ReleaseScriptCaches (0ms)
		RebuildScriptCaches (0ms)
		SetupLoadedEditorAssemblies (572ms)
			LogAssemblyErrors (0ms)
			InitializePlatformSupportModulesInManaged (8ms)
			SetLoadedEditorAssemblies (4ms)
			RefreshPlugins (0ms)
			BeforeProcessingInitializeOnLoad (70ms)
			ProcessInitializeOnLoadAttributes (448ms)
			ProcessInitializeOnLoadMethodAttributes (30ms)
			AfterProcessingInitializeOnLoad (12ms)
			EditorAssembliesLoaded (0ms)
		ExecutionOrderSort2 (0ms)
		AwakeInstancesAfterBackupRestoration (9ms)
Refreshing native plugins compatible for Editor in 9.73 ms, found 3 plugins.
Preloading 0 native plugins for Editor in 0.00 ms.
Unloading 3189 Unused Serialized files (Serialized files now loaded: 0)
Unloading 37 unused Assets / (36.9 KB). Loaded Objects now: 3671.
Memory consumption went from 124.2 MB to 124.2 MB.
Total: 10.782400 ms (FindLiveObjects: 0.756700 ms CreateObjectMapping: 0.384400 ms MarkObjects: 9.502300 ms  DeleteObjects: 0.134200 ms)

Prepare: number of updated asset objects reloaded= 0
AssetImportParameters requested are different than current active one (requested -> active):
  custom:container-demuxer-ogg: 62fdf1f143b41e24485cea50d1cbac27 -> 
  custom:video-decoder-ogg-theora: a1e56fd34408186e4bbccfd4996cb3dc -> 
  custom:framework-win-MediaFoundation: 216162199b28c13a410421893ffa2e32 -> 
  custom:CustomObjectIndexerAttribute: 9a22284fe3817be447336de3de66b15e -> 
  custom:container-demuxer-webm: 4f35f7cbe854078d1ac9338744f61a02 -> 
  custom:scripting/monoscript/fileName/PrefabReference.cs: d2f60faba7e94a87f206215bed8e5707 -> 
  custom:container-muxer-webm: aa71ff27fc2769a1b78a27578f13a17b -> 
  custom:video-decoder-webm-vp8: 9c59270c3fd7afecdb556c50c9e8de78 -> 
  custom:SearchIndexIgnoredProperties: e643bd26f0fe6173181afceb89e7c659 -> 
  custom:AudioImporter_EditorPlatform: d09bf68614088b80899f8185d706f6e7 -> 
  custom:video-encoder-webm-vp8: eb34c28f22e8b96e1ab97ce403110664 -> 
  custom:audio-decoder-ogg-vorbis: bf7c407c2cedff20999df2af8eb42d56 -> 
  custom:audio-encoder-webm-vorbis: bf7c407c2cedff20999df2af8eb42d56 -> 
  custom:scripting/monoscript/fileName/MoveCube.cs: 3e07750fb67413ef97d1a4999db37d26 -> 
  custom:scripting/precompiled-assembly-types:Assembly-CSharp: 475ead2dc65f6462b1c653f63181296c -> 451216b149daf53543bbcf767332becf
========================================================================
Received Import Request.
  Time since last request: 5.190026 seconds.
  path: Assets/FinalProject/PrefabReference.cs
  artifactKey: Guid(82d31942046feb848a509fc4cd3d3242) Importer(815301076,1909f56bfc062723c751e8b465ee728b)
Start importing Assets/FinalProject/PrefabReference.cs using Guid(82d31942046feb848a509fc4cd3d3242) Importer(815301076,1909f56bfc062723c751e8b465ee728b) [PhysX] Initialized MultithreadedTaskDispatcher with 16 workers.
 -> (artifact id: 'fe340cd6d794ed09dfac5009d100cb34') in 0.005413 seconds
Number of updated asset objects reloaded before import = 0
Number of asset objects unloaded after import = 0
========================================================================
Received Import Request.
  Time since last request: 8.764958 seconds.
  path: Assets/FinalProject/PrefabReference.cs
  artifactKey: Guid(82d31942046feb848a509fc4cd3d3242) Importer(815301076,1909f56bfc062723c751e8b465ee728b)
Start importing Assets/FinalProject/PrefabReference.cs using Guid(82d31942046feb848a509fc4cd3d3242) Importer(815301076,1909f56bfc062723c751e8b465ee728b) [PhysX] Initialized MultithreadedTaskDispatcher with 16 workers.
 -> (artifact id: '0b52b8f7500ecb456b564285d4b79ad6') in 0.000469 seconds
Number of updated asset objects reloaded before import = 0
Number of asset objects unloaded after import = 0
========================================================================
Received Prepare
Caller must complete domain reload
Begin MonoManager ReloadAssembly
- Loaded All Assemblies, in  0.455 seconds
Native extension for WindowsStandalone target not found
Mono: successfully reloaded assembly
- Finished resetting the current domain, in  0.883 seconds
Domain Reload Profiling: 1337ms
	BeginReloadAssembly (144ms)
		ExecutionOrderSort (0ms)
		DisableScriptedObjects (4ms)
		BackupInstance (0ms)
		ReleaseScriptingObjects (0ms)
		CreateAndSetChildDomain (28ms)
	RebuildCommonClasses (32ms)
	RebuildNativeTypeToScriptingClass (9ms)
	initialDomainReloadingComplete (35ms)
	LoadAllAssembliesAndSetupDomain (234ms)
		LoadAssemblies (295ms)
		RebuildTransferFunctionScriptingTraits (0ms)
		AnalyzeDomain (22ms)
			TypeCache.Refresh (10ms)
				TypeCache.ScanAssembly (1ms)
			ScanForSourceGeneratedMonoScriptInfo (6ms)
			ResolveRequiredComponents (4ms)
	FinalizeReload (883ms)
		ReleaseScriptCaches (0ms)
		RebuildScriptCaches (0ms)
		SetupLoadedEditorAssemblies (355ms)
			LogAssemblyErrors (0ms)
			InitializePlatformSupportModulesInManaged (6ms)
			SetLoadedEditorAssemblies (4ms)
			RefreshPlugins (0ms)
			BeforeProcessingInitializeOnLoad (47ms)
			ProcessInitializeOnLoadAttributes (271ms)
			ProcessInitializeOnLoadMethodAttributes (18ms)
			AfterProcessingInitializeOnLoad (8ms)
			EditorAssembliesLoaded (0ms)
		ExecutionOrderSort2 (0ms)
		AwakeInstancesAfterBackupRestoration (6ms)
Refreshing native plugins compatible for Editor in 4.23 ms, found 3 plugins.
Preloading 0 native plugins for Editor in 0.00 ms.
Unloading 3189 Unused Serialized files (Serialized files now loaded: 0)
Unloading 37 unused Assets / (36.9 KB). Loaded Objects now: 3674.
Memory consumption went from 124.2 MB to 124.2 MB.
Total: 3.406400 ms (FindLiveObjects: 0.233900 ms CreateObjectMapping: 0.076000 ms MarkObjects: 3.026700 ms  DeleteObjects: 0.069000 ms)

Prepare: number of updated asset objects reloaded= 0
AssetImportParameters requested are different than current active one (requested -> active):
  custom:container-demuxer-ogg: 62fdf1f143b41e24485cea50d1cbac27 -> 
  custom:video-decoder-ogg-theora: a1e56fd34408186e4bbccfd4996cb3dc -> 
  custom:framework-win-MediaFoundation: 216162199b28c13a410421893ffa2e32 -> 
  custom:CustomObjectIndexerAttribute: 9a22284fe3817be447336de3de66b15e -> 
  custom:container-demuxer-webm: 4f35f7cbe854078d1ac9338744f61a02 -> 
  custom:scripting/monoscript/fileName/PrefabReference.cs: d2f60faba7e94a87f206215bed8e5707 -> 
  custom:container-muxer-webm: aa71ff27fc2769a1b78a27578f13a17b -> 
  custom:video-decoder-webm-vp8: 9c59270c3fd7afecdb556c50c9e8de78 -> 
  custom:SearchIndexIgnoredProperties: e643bd26f0fe6173181afceb89e7c659 -> 
  custom:AudioImporter_EditorPlatform: d09bf68614088b80899f8185d706f6e7 -> 
  custom:video-encoder-webm-vp8: eb34c28f22e8b96e1ab97ce403110664 -> 
  custom:audio-decoder-ogg-vorbis: bf7c407c2cedff20999df2af8eb42d56 -> 
  custom:audio-encoder-webm-vorbis: bf7c407c2cedff20999df2af8eb42d56 -> 
  custom:scripting/monoscript/fileName/MoveCube.cs: 3e07750fb67413ef97d1a4999db37d26 -> 
  custom:scripting/precompiled-assembly-types:Assembly-CSharp: 475ead2dc65f6462b1c653f63181296c -> 451216b149daf53543bbcf767332becf
========================================================================
Received Import Request.
  Time since last request: 110.260711 seconds.
  path: Assets/FinalProject/GameController.cs
  artifactKey: Guid(04b9b2bb98b49334ca9db5c3b1a0a5ef) Importer(815301076,1909f56bfc062723c751e8b465ee728b)
Start importing Assets/FinalProject/GameController.cs using Guid(04b9b2bb98b49334ca9db5c3b1a0a5ef) Importer(815301076,1909f56bfc062723c751e8b465ee728b) [PhysX] Initialized MultithreadedTaskDispatcher with 16 workers.
 -> (artifact id: 'f07f108d984bc2d426622c35af2edb59') in 0.003209 seconds
Number of updated asset objects reloaded before import = 0
Number of asset objects unloaded after import = 0
========================================================================
Received Import Request.
  Time since last request: 20.782481 seconds.
  path: Assets/FinalProject/GameCreator.cs
  artifactKey: Guid(28c0b03f57c0d5c44b71f594ca3ca98e) Importer(815301076,1909f56bfc062723c751e8b465ee728b)
Start importing Assets/FinalProject/GameCreator.cs using Guid(28c0b03f57c0d5c44b71f594ca3ca98e) Importer(815301076,1909f56bfc062723c751e8b465ee728b) [PhysX] Initialized MultithreadedTaskDispatcher with 16 workers.
 -> (artifact id: '8b277de5f7869ce728f5c7acd82b1ad9') in 0.000543 seconds
Number of updated asset objects reloaded before import = 0
Number of asset objects unloaded after import = 0
========================================================================
Received Import Request.
  Time since last request: 24.196824 seconds.
  path: Assets/FinalProject/Component/PositionComponent.cs
  artifactKey: Guid(6ec455960c47f414d8c176fdfb8fbd2e) Importer(815301076,1909f56bfc062723c751e8b465ee728b)
Start importing Assets/FinalProject/Component/PositionComponent.cs using Guid(6ec455960c47f414d8c176fdfb8fbd2e) Importer(815301076,1909f56bfc062723c751e8b465ee728b) [PhysX] Initialized MultithreadedTaskDispatcher with 16 workers.
 -> (artifact id: '547f341a549c5736984db0244abc5b89') in 0.000464 seconds
Number of updated asset objects reloaded before import = 0
Number of asset objects unloaded after import = 0
========================================================================
Received Import Request.
  Time since last request: 23.884389 seconds.
  path: Assets/FinalProject/Component/SpawnPlayerComponent.cs
  artifactKey: Guid(384a9b78fcf9e85478140e528a10da1e) Importer(815301076,1909f56bfc062723c751e8b465ee728b)
Start importing Assets/FinalProject/Component/SpawnPlayerComponent.cs using Guid(384a9b78fcf9e85478140e528a10da1e) Importer(815301076,1909f56bfc062723c751e8b465ee728b) [PhysX] Initialized MultithreadedTaskDispatcher with 16 workers.
 -> (artifact id: '0e8dfa84b98d7dfbe1df35a604cd5ade') in 0.000487 seconds
Number of updated asset objects reloaded before import = 0
Number of asset objects unloaded after import = 0
========================================================================
Received Import Request.
  Time since last request: 13.187267 seconds.
  path: Assets/FinalProject/Component/SpawnPlayerComponent.cs
  artifactKey: Guid(384a9b78fcf9e85478140e528a10da1e) Importer(815301076,1909f56bfc062723c751e8b465ee728b)
Start importing Assets/FinalProject/Component/SpawnPlayerComponent.cs using Guid(384a9b78fcf9e85478140e528a10da1e) Importer(815301076,1909f56bfc062723c751e8b465ee728b) [PhysX] Initialized MultithreadedTaskDispatcher with 16 workers.
 -> (artifact id: '1f46bf83c040127d55581da291218bcd') in 0.000438 seconds
Number of updated asset objects reloaded before import = 0
Number of asset objects unloaded after import = 0
========================================================================
Received Import Request.
  Time since last request: 19.410429 seconds.
  path: Assets/FinalProject/Component/SpeedComponent.cs
  artifactKey: Guid(e437871e5f10220408dea0022ac30ac0) Importer(815301076,1909f56bfc062723c751e8b465ee728b)
Start importing Assets/FinalProject/Component/SpeedComponent.cs using Guid(e437871e5f10220408dea0022ac30ac0) Importer(815301076,1909f56bfc062723c751e8b465ee728b) [PhysX] Initialized MultithreadedTaskDispatcher with 16 workers.
 -> (artifact id: '07d30cb90b2c9f2f0ce953feddde4133') in 0.000827 seconds
Number of updated asset objects reloaded before import = 0
Number of asset objects unloaded after import = 0
========================================================================
Received Import Request.
  Time since last request: 1.175413 seconds.
  path: Assets/FinalProject/Component/StopComponent.cs
  artifactKey: Guid(861a3dfbe2bba034aab9fae077d9ec6b) Importer(815301076,1909f56bfc062723c751e8b465ee728b)
Start importing Assets/FinalProject/Component/StopComponent.cs using Guid(861a3dfbe2bba034aab9fae077d9ec6b) Importer(815301076,1909f56bfc062723c751e8b465ee728b) [PhysX] Initialized MultithreadedTaskDispatcher with 16 workers.
 -> (artifact id: 'f9a4a7e70804075b9ebb302c69a497c4') in 0.000485 seconds
Number of updated asset objects reloaded before import = 0
Number of asset objects unloaded after import = 0
========================================================================
Received Import Request.
  Time since last request: 1.034127 seconds.
  path: Assets/FinalProject/Component/VerticalInputComponent.cs
  artifactKey: Guid(a1a9ca670e944a34ea7c24cdb2a2f470) Importer(815301076,1909f56bfc062723c751e8b465ee728b)
Start importing Assets/FinalProject/Component/VerticalInputComponent.cs using Guid(a1a9ca670e944a34ea7c24cdb2a2f470) Importer(815301076,1909f56bfc062723c751e8b465ee728b) [PhysX] Initialized MultithreadedTaskDispatcher with 16 workers.
 -> (artifact id: '6854ad10ef7419abad567ad52dac0432') in 0.000444 seconds
Number of updated asset objects reloaded before import = 0
Number of asset objects unloaded after import = 0
========================================================================
Received Import Request.
  Time since last request: 17.574816 seconds.
  path: Assets/FinalProject/Component/ViewComponent.cs
  artifactKey: Guid(11c1e2bb354b7e744bf444f185d2b703) Importer(815301076,1909f56bfc062723c751e8b465ee728b)
Start importing Assets/FinalProject/Component/ViewComponent.cs using Guid(11c1e2bb354b7e744bf444f185d2b703) Importer(815301076,1909f56bfc062723c751e8b465ee728b) [PhysX] Initialized MultithreadedTaskDispatcher with 16 workers.
 -> (artifact id: '0817e2fe0c049abd154647b42544f55e') in 0.000563 seconds
Number of updated asset objects reloaded before import = 0
Number of asset objects unloaded after import = 0
========================================================================
Received Import Request.
  Time since last request: 16.237244 seconds.
  path: Assets/FinalProject/Component/ViewComponent.cs
  artifactKey: Guid(11c1e2bb354b7e744bf444f185d2b703) Importer(815301076,1909f56bfc062723c751e8b465ee728b)
Start importing Assets/FinalProject/Component/ViewComponent.cs using Guid(11c1e2bb354b7e744bf444f185d2b703) Importer(815301076,1909f56bfc062723c751e8b465ee728b) [PhysX] Initialized MultithreadedTaskDispatcher with 16 workers.
 -> (artifact id: '43475928ca489142d3eca4b3974028fc') in 0.000460 seconds
Number of updated asset objects reloaded before import = 0
Number of asset objects unloaded after import = 0
========================================================================
Received Import Request.
  Time since last request: 29.303399 seconds.
  path: Assets/FinalProject/Features/InputFeature.cs
  artifactKey: Guid(ee941b8e49979cb479c9dc7bd740a300) Importer(815301076,1909f56bfc062723c751e8b465ee728b)
Start importing Assets/FinalProject/Features/InputFeature.cs using Guid(ee941b8e49979cb479c9dc7bd740a300) Importer(815301076,1909f56bfc062723c751e8b465ee728b) [PhysX] Initialized MultithreadedTaskDispatcher with 16 workers.
 -> (artifact id: '0ed0dcf549925bcbc56f204868cc909e') in 0.000461 seconds
Number of updated asset objects reloaded before import = 0
Number of asset objects unloaded after import = 0
========================================================================
Received Import Request.
  Time since last request: 0.435083 seconds.
  path: Assets/FinalProject/Features/ConfigurationFeature.cs
  artifactKey: Guid(865091b424503b9498dd7f615689db59) Importer(815301076,1909f56bfc062723c751e8b465ee728b)
Start importing Assets/FinalProject/Features/ConfigurationFeature.cs using Guid(865091b424503b9498dd7f615689db59) Importer(815301076,1909f56bfc062723c751e8b465ee728b) [PhysX] Initialized MultithreadedTaskDispatcher with 16 workers.
 -> (artifact id: '63ca3fd043a1a0320fa443e77ca18c76') in 0.000629 seconds
Number of updated asset objects reloaded before import = 0
Number of asset objects unloaded after import = 0
========================================================================
Received Import Request.
  Time since last request: 0.340531 seconds.
  path: Assets/FinalProject/Features/MovementFeature.cs
  artifactKey: Guid(b612b761110a39e4a984accbc048208c) Importer(815301076,1909f56bfc062723c751e8b465ee728b)
Start importing Assets/FinalProject/Features/MovementFeature.cs using Guid(b612b761110a39e4a984accbc048208c) Importer(815301076,1909f56bfc062723c751e8b465ee728b) [PhysX] Initialized MultithreadedTaskDispatcher with 16 workers.
 -> (artifact id: '992dbcd680a6a1b16f0a8a1953a391e2') in 0.000567 seconds
Number of updated asset objects reloaded before import = 0
Number of asset objects unloaded after import = 0
========================================================================
Received Import Request.
  Time since last request: 41.030173 seconds.
  path: Assets/FinalProject/Features/MoversFeature.cs
  artifactKey: Guid(52e5f147431d99a46acdd532e85b115a) Importer(815301076,1909f56bfc062723c751e8b465ee728b)
Start importing Assets/FinalProject/Features/MoversFeature.cs using Guid(52e5f147431d99a46acdd532e85b115a) Importer(815301076,1909f56bfc062723c751e8b465ee728b) [PhysX] Initialized MultithreadedTaskDispatcher with 16 workers.
 -> (artifact id: '2d39f2db93c7a2ff7040877b771b7d36') in 0.000670 seconds
Number of updated asset objects reloaded before import = 0
Number of asset objects unloaded after import = 0
========================================================================
Received Import Request.
  Time since last request: 13.638765 seconds.
  path: Assets/FinalProject/Features/MoversFeature.cs
  artifactKey: Guid(52e5f147431d99a46acdd532e85b115a) Importer(815301076,1909f56bfc062723c751e8b465ee728b)
Start importing Assets/FinalProject/Features/MoversFeature.cs using Guid(52e5f147431d99a46acdd532e85b115a) Importer(815301076,1909f56bfc062723c751e8b465ee728b) [PhysX] Initialized MultithreadedTaskDispatcher with 16 workers.
 -> (artifact id: 'cec89dff48575584116a61c70f51744f') in 0.000538 seconds
Number of updated asset objects reloaded before import = 0
Number of asset objects unloaded after import = 0
========================================================================
Received Import Request.
  Time since last request: 24.867733 seconds.
  path: Assets/FinalProject/Features/PlayerControlFeature.cs
  artifactKey: Guid(f166ea395a21b434e80510ffc8ce3f20) Importer(815301076,1909f56bfc062723c751e8b465ee728b)
Start importing Assets/FinalProject/Features/PlayerControlFeature.cs using Guid(f166ea395a21b434e80510ffc8ce3f20) Importer(815301076,1909f56bfc062723c751e8b465ee728b) [PhysX] Initialized MultithreadedTaskDispatcher with 16 workers.
 -> (artifact id: '358e19f13686796814637d20e2c2c4c6') in 0.000637 seconds
Number of updated asset objects reloaded before import = 0
Number of asset objects unloaded after import = 0
========================================================================
Received Import Request.
  Time since last request: 8.851137 seconds.
  path: Assets/FinalProject/Features/PlayerControlFeature.cs
  artifactKey: Guid(f166ea395a21b434e80510ffc8ce3f20) Importer(815301076,1909f56bfc062723c751e8b465ee728b)
Start importing Assets/FinalProject/Features/PlayerControlFeature.cs using Guid(f166ea395a21b434e80510ffc8ce3f20) Importer(815301076,1909f56bfc062723c751e8b465ee728b) [PhysX] Initialized MultithreadedTaskDispatcher with 16 workers.
 -> (artifact id: 'b69a649ef5ca775595b5fde1161edc67') in 0.000412 seconds
Number of updated asset objects reloaded before import = 0
Number of asset objects unloaded after import = 0
========================================================================
Received Import Request.
  Time since last request: 17.685806 seconds.
  path: Assets/FinalProject/Features/ViewFeature.cs
  artifactKey: Guid(83e792fc5db705141859a59dc87747e9) Importer(815301076,1909f56bfc062723c751e8b465ee728b)
Start importing Assets/FinalProject/Features/ViewFeature.cs using Guid(83e792fc5db705141859a59dc87747e9) Importer(815301076,1909f56bfc062723c751e8b465ee728b) [PhysX] Initialized MultithreadedTaskDispatcher with 16 workers.
 -> (artifact id: 'dce5286b38c14bd65b4eff48682acc15') in 0.000468 seconds
Number of updated asset objects reloaded before import = 0
Number of asset objects unloaded after import = 0
========================================================================
Received Import Request.
  Time since last request: 8.019599 seconds.
  path: Assets/FinalProject/Features/ViewFeature.cs
  artifactKey: Guid(83e792fc5db705141859a59dc87747e9) Importer(815301076,1909f56bfc062723c751e8b465ee728b)
Start importing Assets/FinalProject/Features/ViewFeature.cs using Guid(83e792fc5db705141859a59dc87747e9) Importer(815301076,1909f56bfc062723c751e8b465ee728b) [PhysX] Initialized MultithreadedTaskDispatcher with 16 workers.
 -> (artifact id: 'ae97a726c65e7b7bd59a43fd1f71c670') in 0.000660 seconds
Number of updated asset objects reloaded before import = 0
Number of asset objects unloaded after import = 0
========================================================================
Received Import Request.
  Time since last request: 31.182818 seconds.
  path: Assets/FinalProject/Systems/EntityCreatorSystem.cs
  artifactKey: Guid(8a61ad63df4ce844c9db97a30573932e) Importer(815301076,1909f56bfc062723c751e8b465ee728b)
Start importing Assets/FinalProject/Systems/EntityCreatorSystem.cs using Guid(8a61ad63df4ce844c9db97a30573932e) Importer(815301076,1909f56bfc062723c751e8b465ee728b) [PhysX] Initialized MultithreadedTaskDispatcher with 16 workers.
 -> (artifact id: '588d7f1e96fa13c85c72037e51c71890') in 0.000479 seconds
Number of updated asset objects reloaded before import = 0
Number of asset objects unloaded after import = 0
========================================================================
Received Import Request.
  Time since last request: 0.663079 seconds.
  path: Assets/FinalProject/Systems/BoosterSystem.cs
  artifactKey: Guid(58496acc125c02e4690ab2f99699c70a) Importer(815301076,1909f56bfc062723c751e8b465ee728b)
Start importing Assets/FinalProject/Systems/BoosterSystem.cs using Guid(58496acc125c02e4690ab2f99699c70a) Importer(815301076,1909f56bfc062723c751e8b465ee728b) [PhysX] Initialized MultithreadedTaskDispatcher with 16 workers.
 -> (artifact id: '9de9c0bedc4daff40efe35d485eb1217') in 0.000422 seconds
Number of updated asset objects reloaded before import = 0
Number of asset objects unloaded after import = 0
========================================================================
Received Import Request.
  Time since last request: 16.099559 seconds.
  path: Assets/FinalProject/Systems/CreateObjectsSystem.cs
  artifactKey: Guid(f1373b35707a6b746ac51623cbd12001) Importer(815301076,1909f56bfc062723c751e8b465ee728b)
Start importing Assets/FinalProject/Systems/CreateObjectsSystem.cs using Guid(f1373b35707a6b746ac51623cbd12001) Importer(815301076,1909f56bfc062723c751e8b465ee728b) [PhysX] Initialized MultithreadedTaskDispatcher with 16 workers.
 -> (artifact id: '1332a1b3efea5e2465a8f44adced68ff') in 0.000568 seconds
Number of updated asset objects reloaded before import = 0
Number of asset objects unloaded after import = 0
========================================================================
Received Import Request.
  Time since last request: 7.509374 seconds.
  path: Assets/FinalProject/Systems/CreateObjectsSystem.cs
  artifactKey: Guid(f1373b35707a6b746ac51623cbd12001) Importer(815301076,1909f56bfc062723c751e8b465ee728b)
Start importing Assets/FinalProject/Systems/CreateObjectsSystem.cs using Guid(f1373b35707a6b746ac51623cbd12001) Importer(815301076,1909f56bfc062723c751e8b465ee728b) [PhysX] Initialized MultithreadedTaskDispatcher with 16 workers.
 -> (artifact id: '7b9c96771f03f4771898d4d23235f2b5') in 0.000433 seconds
Number of updated asset objects reloaded before import = 0
Number of asset objects unloaded after import = 0
========================================================================
Received Import Request.
  Time since last request: 32.282438 seconds.
  path: Assets/FinalProject/Systems/EntityCreatorSystem.cs
  artifactKey: Guid(8a61ad63df4ce844c9db97a30573932e) Importer(815301076,1909f56bfc062723c751e8b465ee728b)
Start importing Assets/FinalProject/Systems/EntityCreatorSystem.cs using Guid(8a61ad63df4ce844c9db97a30573932e) Importer(815301076,1909f56bfc062723c751e8b465ee728b) [PhysX] Initialized MultithreadedTaskDispatcher with 16 workers.
 -> (artifact id: '5efe409286b081b8d27540ca1adc8cbb') in 0.000513 seconds
Number of updated asset objects reloaded before import = 0
Number of asset objects unloaded after import = 0
========================================================================
Received Import Request.
  Time since last request: 11.325604 seconds.
  path: Assets/FinalProject/Systems/FindEntitySystem1.cs
  artifactKey: Guid(a5edc748a3fae5d44a2a01dd5161eee0) Importer(815301076,1909f56bfc062723c751e8b465ee728b)
Start importing Assets/FinalProject/Systems/FindEntitySystem1.cs using Guid(a5edc748a3fae5d44a2a01dd5161eee0) Importer(815301076,1909f56bfc062723c751e8b465ee728b) [PhysX] Initialized MultithreadedTaskDispatcher with 16 workers.
 -> (artifact id: '8df74a34899459f0a6db6de7ed9f1a21') in 0.000536 seconds
Number of updated asset objects reloaded before import = 0
Number of asset objects unloaded after import = 0
========================================================================
Received Import Request.
  Time since last request: 29.732845 seconds.
  path: Assets/FinalProject/Systems/FindEntitySystem1.cs
  artifactKey: Guid(a5edc748a3fae5d44a2a01dd5161eee0) Importer(815301076,1909f56bfc062723c751e8b465ee728b)
Start importing Assets/FinalProject/Systems/FindEntitySystem1.cs using Guid(a5edc748a3fae5d44a2a01dd5161eee0) Importer(815301076,1909f56bfc062723c751e8b465ee728b) [PhysX] Initialized MultithreadedTaskDispatcher with 16 workers.
 -> (artifact id: 'db9e436edea2ec2824bffd410c56061d') in 0.000459 seconds
Number of updated asset objects reloaded before import = 0
Number of asset objects unloaded after import = 0
========================================================================
Received Import Request.
  Time since last request: 2.224123 seconds.
  path: Assets/FinalProject/Systems/FindEntitySystem.cs
  artifactKey: Guid(1e9af3f679b38da42a868e61d5e3d11f) Importer(815301076,1909f56bfc062723c751e8b465ee728b)
Start importing Assets/FinalProject/Systems/FindEntitySystem.cs using Guid(1e9af3f679b38da42a868e61d5e3d11f) Importer(815301076,1909f56bfc062723c751e8b465ee728b) [PhysX] Initialized MultithreadedTaskDispatcher with 16 workers.
 -> (artifact id: '779c45acae48b691d09a69170ab6ce3f') in 0.000999 seconds
Number of updated asset objects reloaded before import = 0
Number of asset objects unloaded after import = 0
========================================================================
Received Import Request.
  Time since last request: 54.849830 seconds.
  path: Assets/FinalProject/Systems/ListenForInputSystem.cs
  artifactKey: Guid(9ff6435855832bf4987ef963afa6e873) Importer(815301076,1909f56bfc062723c751e8b465ee728b)
Start importing Assets/FinalProject/Systems/ListenForInputSystem.cs using Guid(9ff6435855832bf4987ef963afa6e873) Importer(815301076,1909f56bfc062723c751e8b465ee728b) [PhysX] Initialized MultithreadedTaskDispatcher with 16 workers.
 -> (artifact id: '98202ff937fad9b1827faea38fcb57ad') in 0.000857 seconds
Number of updated asset objects reloaded before import = 0
Number of asset objects unloaded after import = 0
========================================================================
Received Import Request.
  Time since last request: 19.461074 seconds.
  path: Assets/FinalProject/Systems/ListenForInputSystem.cs
  artifactKey: Guid(9ff6435855832bf4987ef963afa6e873) Importer(815301076,1909f56bfc062723c751e8b465ee728b)
Start importing Assets/FinalProject/Systems/ListenForInputSystem.cs using Guid(9ff6435855832bf4987ef963afa6e873) Importer(815301076,1909f56bfc062723c751e8b465ee728b) [PhysX] Initialized MultithreadedTaskDispatcher with 16 workers.
 -> (artifact id: 'd92d8210cbe88084913fd4f2585288be') in 0.000419 seconds
Number of updated asset objects reloaded before import = 0
Number of asset objects unloaded after import = 0
========================================================================
Received Import Request.
  Time since last request: 9.042972 seconds.
  path: Assets/FinalProject/Systems/MovementCompletedSystem.cs
  artifactKey: Guid(565299fc0d9145b48a0e24e5854e2007) Importer(815301076,1909f56bfc062723c751e8b465ee728b)
Start importing Assets/FinalProject/Systems/MovementCompletedSystem.cs using Guid(565299fc0d9145b48a0e24e5854e2007) Importer(815301076,1909f56bfc062723c751e8b465ee728b) [PhysX] Initialized MultithreadedTaskDispatcher with 16 workers.
 -> (artifact id: '06617b70e46651eec297a97c08373fe3') in 0.000442 seconds
Number of updated asset objects reloaded before import = 0
Number of asset objects unloaded after import = 0
========================================================================
Received Import Request.
  Time since last request: 3.418995 seconds.
  path: Assets/FinalProject/Systems/MovementSystem.cs
  artifactKey: Guid(3181bf615bc3b4346863d45ff6e3dc29) Importer(815301076,1909f56bfc062723c751e8b465ee728b)
Start importing Assets/FinalProject/Systems/MovementSystem.cs using Guid(3181bf615bc3b4346863d45ff6e3dc29) Importer(815301076,1909f56bfc062723c751e8b465ee728b) [PhysX] Initialized MultithreadedTaskDispatcher with 16 workers.
 -> (artifact id: 'a74d61d07bb2ae2cb7700c0d096f4de1') in 0.000433 seconds
Number of updated asset objects reloaded before import = 0
Number of asset objects unloaded after import = 0
========================================================================
Received Import Request.
  Time since last request: 11.814677 seconds.
  path: Assets/FinalProject/Systems/MovementSystem.cs
  artifactKey: Guid(3181bf615bc3b4346863d45ff6e3dc29) Importer(815301076,1909f56bfc062723c751e8b465ee728b)
Start importing Assets/FinalProject/Systems/MovementSystem.cs using Guid(3181bf615bc3b4346863d45ff6e3dc29) Importer(815301076,1909f56bfc062723c751e8b465ee728b) [PhysX] Initialized MultithreadedTaskDispatcher with 16 workers.
 -> (artifact id: '809db6e450f89d6117284f19d588ece1') in 0.001028 seconds
Number of updated asset objects reloaded before import = 0
Number of asset objects unloaded after import = 0
========================================================================
Received Import Request.
  Time since last request: 8.752208 seconds.
  path: Assets/FinalProject/Systems/SetResolutionSystem.cs
  artifactKey: Guid(6fb1782231e630b46822b49d13abb9cb) Importer(815301076,1909f56bfc062723c751e8b465ee728b)
Start importing Assets/FinalProject/Systems/SetResolutionSystem.cs using Guid(6fb1782231e630b46822b49d13abb9cb) Importer(815301076,1909f56bfc062723c751e8b465ee728b) [PhysX] Initialized MultithreadedTaskDispatcher with 16 workers.
 -> (artifact id: '31b40e62050c454519bfd736988466f8') in 0.000536 seconds
Number of updated asset objects reloaded before import = 0
Number of asset objects unloaded after import = 0
========================================================================
Received Import Request.
  Time since last request: 0.586974 seconds.
  path: Assets/FinalProject/Systems/ProcessInputSystem.cs
  artifactKey: Guid(5e9dd0652d8868b4091264fc0c7f8892) Importer(815301076,1909f56bfc062723c751e8b465ee728b)
Start importing Assets/FinalProject/Systems/ProcessInputSystem.cs using Guid(5e9dd0652d8868b4091264fc0c7f8892) Importer(815301076,1909f56bfc062723c751e8b465ee728b) [PhysX] Initialized MultithreadedTaskDispatcher with 16 workers.
 -> (artifact id: '0e24c2499e9505b4800f5904883ece37') in 0.000506 seconds
Number of updated asset objects reloaded before import = 0
Number of asset objects unloaded after import = 0
========================================================================
Received Import Request.
  Time since last request: 9.081587 seconds.
  path: Assets/FinalProject/Systems/MovePlayerSystem.cs
  artifactKey: Guid(7ea9f91c235fa5340a88f9fcd6fd58a7) Importer(815301076,1909f56bfc062723c751e8b465ee728b)
Start importing Assets/FinalProject/Systems/MovePlayerSystem.cs using Guid(7ea9f91c235fa5340a88f9fcd6fd58a7) Importer(815301076,1909f56bfc062723c751e8b465ee728b) [PhysX] Initialized MultithreadedTaskDispatcher with 16 workers.
 -> (artifact id: '0e5c85459c31ba56aa2d4ec47516a421') in 0.000549 seconds
Number of updated asset objects reloaded before import = 0
Number of asset objects unloaded after import = 0
========================================================================
Received Import Request.
  Time since last request: 56.535658 seconds.
  path: Assets/FinalProject/Systems/SpawnPlayerSystem.cs
  artifactKey: Guid(198268203ac6e31428fe8b3e864dd61b) Importer(815301076,1909f56bfc062723c751e8b465ee728b)
Start importing Assets/FinalProject/Systems/SpawnPlayerSystem.cs using Guid(198268203ac6e31428fe8b3e864dd61b) Importer(815301076,1909f56bfc062723c751e8b465ee728b) [PhysX] Initialized MultithreadedTaskDispatcher with 16 workers.
 -> (artifact id: '4523c095c1ee5ca0eff759843934f0c8') in 0.000776 seconds
Number of updated asset objects reloaded before import = 0
Number of asset objects unloaded after import = 0
========================================================================
Received Import Request.
  Time since last request: 9.564163 seconds.
  path: Assets/FinalProject/Systems/SpawnPlayerSystem.cs
  artifactKey: Guid(198268203ac6e31428fe8b3e864dd61b) Importer(815301076,1909f56bfc062723c751e8b465ee728b)
Start importing Assets/FinalProject/Systems/SpawnPlayerSystem.cs using Guid(198268203ac6e31428fe8b3e864dd61b) Importer(815301076,1909f56bfc062723c751e8b465ee728b) [PhysX] Initialized MultithreadedTaskDispatcher with 16 workers.
 -> (artifact id: '5bd549e1a8b03dab754b77a72307ce61') in 0.000698 seconds
Number of updated asset objects reloaded before import = 0
Number of asset objects unloaded after import = 0
========================================================================
Received Import Request.
  Time since last request: 21.811883 seconds.
  path: Assets/FinalProject/Systems/UpdatePositionsSystem.cs
  artifactKey: Guid(96e46090e71fa144eb19e48e392c8e40) Importer(815301076,1909f56bfc062723c751e8b465ee728b)
Start importing Assets/FinalProject/Systems/UpdatePositionsSystem.cs using Guid(96e46090e71fa144eb19e48e392c8e40) Importer(815301076,1909f56bfc062723c751e8b465ee728b) [PhysX] Initialized MultithreadedTaskDispatcher with 16 workers.
 -> (artifact id: '47ec9f14751f9cb9ebe613cea12e9644') in 0.000418 seconds
Number of updated asset objects reloaded before import = 0
Number of asset objects unloaded after import = 0
========================================================================
Received Import Request.
  Time since last request: 10.274510 seconds.
  path: Assets/FinalProject/Systems/UpdatePositionsSystem.cs
  artifactKey: Guid(96e46090e71fa144eb19e48e392c8e40) Importer(815301076,1909f56bfc062723c751e8b465ee728b)
Start importing Assets/FinalProject/Systems/UpdatePositionsSystem.cs using Guid(96e46090e71fa144eb19e48e392c8e40) Importer(815301076,1909f56bfc062723c751e8b465ee728b) [PhysX] Initialized MultithreadedTaskDispatcher with 16 workers.
 -> (artifact id: 'fcb2479f64c084bc2a32cbe012391be4') in 0.000430 seconds
Number of updated asset objects reloaded before import = 0
Number of asset objects unloaded after import = 0
========================================================================
Received Prepare
Caller must complete domain reload
Begin MonoManager ReloadAssembly
- Loaded All Assemblies, in  0.469 seconds
Native extension for WindowsStandalone target not found
Mono: successfully reloaded assembly
- Finished resetting the current domain, in  0.775 seconds
Domain Reload Profiling: 1243ms
	BeginReloadAssembly (157ms)
		ExecutionOrderSort (0ms)
		DisableScriptedObjects (4ms)
		BackupInstance (0ms)
		ReleaseScriptingObjects (0ms)
		CreateAndSetChildDomain (34ms)
	RebuildCommonClasses (33ms)
	RebuildNativeTypeToScriptingClass (10ms)
	initialDomainReloadingComplete (33ms)
	LoadAllAssembliesAndSetupDomain (233ms)
		LoadAssemblies (301ms)
		RebuildTransferFunctionScriptingTraits (0ms)
		AnalyzeDomain (22ms)
			TypeCache.Refresh (10ms)
				TypeCache.ScanAssembly (1ms)
			ScanForSourceGeneratedMonoScriptInfo (6ms)
			ResolveRequiredComponents (4ms)
	FinalizeReload (776ms)
		ReleaseScriptCaches (0ms)
		RebuildScriptCaches (0ms)
		SetupLoadedEditorAssemblies (370ms)
			LogAssemblyErrors (0ms)
			InitializePlatformSupportModulesInManaged (10ms)
			SetLoadedEditorAssemblies (4ms)
			RefreshPlugins (0ms)
			BeforeProcessingInitializeOnLoad (53ms)
			ProcessInitializeOnLoadAttributes (277ms)
			ProcessInitializeOnLoadMethodAttributes (18ms)
			AfterProcessingInitializeOnLoad (8ms)
			EditorAssembliesLoaded (0ms)
		ExecutionOrderSort2 (0ms)
		AwakeInstancesAfterBackupRestoration (6ms)
Refreshing native plugins compatible for Editor in 4.77 ms, found 3 plugins.
Preloading 0 native plugins for Editor in 0.00 ms.
Unloading 3200 Unused Serialized files (Serialized files now loaded: 0)
Unloading 37 unused Assets / (35.8 KB). Loaded Objects now: 3688.
Memory consumption went from 124.4 MB to 124.4 MB.
Total: 3.298300 ms (FindLiveObjects: 0.744300 ms CreateObjectMapping: 0.161400 ms MarkObjects: 2.338000 ms  DeleteObjects: 0.053700 ms)

Prepare: number of updated asset objects reloaded= 0
AssetImportParameters requested are different than current active one (requested -> active):
  custom:scripting/monoscript/fileName/CreateObjectsSystem.cs: 3191c376192eadd8d521ea0795ab42b5 -> 
  custom:scripting/monoscript/fileName/PlayerControlFeature.cs: 314f6a05c52d262a652c05ddecd92ff9 -> 
  custom:container-demuxer-ogg: 62fdf1f143b41e24485cea50d1cbac27 -> 
  custom:scripting/monoscript/fileName/GameViewComponent.cs: d36eb89180cb9336005a741784970394 -> 
  custom:video-decoder-ogg-theora: a1e56fd34408186e4bbccfd4996cb3dc -> 
  custom:scripting/monoscript/fileName/GameSpawnPlayerComponent.cs: d36eb89180cb9336005a741784970394 -> 
  custom:framework-win-MediaFoundation: 216162199b28c13a410421893ffa2e32 -> 
  custom:scripting/monoscript/fileName/ViewFeature.cs: 8712d1c6ecb3e74342d77867b4471eb3 -> 
  custom:scripting/monoscript/fileName/UpdatePositionsSystem.cs: f0b9dccac4ad634669982190eda8154b -> 
  custom:CustomObjectIndexerAttribute: 9a22284fe3817be447336de3de66b15e -> 
  custom:container-demuxer-webm: 4f35f7cbe854078d1ac9338744f61a02 -> 
  custom:scripting/monoscript/fileName/PrefabReference.cs: d2f60faba7e94a87f206215bed8e5707 -> 
  custom:scripting/monoscript/fileName/ViewComponent.cs: a8e535630dadf42c8e2a384a88fd3a19 -> 
  custom:container-muxer-webm: aa71ff27fc2769a1b78a27578f13a17b -> 
  custom:video-decoder-webm-vp8: 9c59270c3fd7afecdb556c50c9e8de78 -> 
  custom:SearchIndexIgnoredProperties: e643bd26f0fe6173181afceb89e7c659 -> 
  custom:scripting/monoscript/fileName/SpawnPlayerComponent.cs: 35982b699cd078cc842d225a76989267 -> 
  custom:AudioImporter_EditorPlatform: d09bf68614088b80899f8185d706f6e7 -> 
  custom:scripting/monoscript/fileName/MoversFeature.cs: b6b819dba6eded43e14b5f8030485ec5 -> 
  custom:scripting/monoscript/fileName/MovePlayerSystem.cs: aa011b502d22a38054bb9842f5f385cb -> 
  custom:scripting/monoscript/fileName/SpawnPlayerSystem.cs: 366c155a0e8ceb1cb057caa0c975650f -> 
  custom:video-encoder-webm-vp8: eb34c28f22e8b96e1ab97ce403110664 -> 
  custom:audio-decoder-ogg-vorbis: bf7c407c2cedff20999df2af8eb42d56 -> 
  custom:audio-encoder-webm-vorbis: bf7c407c2cedff20999df2af8eb42d56 -> 
  custom:scripting/monoscript/fileName/MoveCube.cs: 3e07750fb67413ef97d1a4999db37d26 -> 
  custom:scripting/precompiled-assembly-types:Assembly-CSharp: 0f03e02e1d6f553bbeec3f58395bf965 -> 451216b149daf53543bbcf767332becf
========================================================================
Received Prepare
Caller must complete domain reload
Begin MonoManager ReloadAssembly
- Loaded All Assemblies, in  0.552 seconds
Native extension for WindowsStandalone target not found
Mono: successfully reloaded assembly
- Finished resetting the current domain, in  0.859 seconds
Domain Reload Profiling: 1409ms
	BeginReloadAssembly (159ms)
		ExecutionOrderSort (0ms)
		DisableScriptedObjects (3ms)
		BackupInstance (0ms)
		ReleaseScriptingObjects (0ms)
		CreateAndSetChildDomain (33ms)
	RebuildCommonClasses (45ms)
	RebuildNativeTypeToScriptingClass (16ms)
	initialDomainReloadingComplete (46ms)
	LoadAllAssembliesAndSetupDomain (283ms)
		LoadAssemblies (357ms)
		RebuildTransferFunctionScriptingTraits (0ms)
		AnalyzeDomain (15ms)
			TypeCache.Refresh (8ms)
				TypeCache.ScanAssembly (0ms)
			ScanForSourceGeneratedMonoScriptInfo (0ms)
			ResolveRequiredComponents (6ms)
	FinalizeReload (860ms)
		ReleaseScriptCaches (0ms)
		RebuildScriptCaches (0ms)
		SetupLoadedEditorAssemblies (406ms)
			LogAssemblyErrors (0ms)
			InitializePlatformSupportModulesInManaged (7ms)
			SetLoadedEditorAssemblies (4ms)
			RefreshPlugins (0ms)
			BeforeProcessingInitializeOnLoad (54ms)
			ProcessInitializeOnLoadAttributes (312ms)
			ProcessInitializeOnLoadMethodAttributes (20ms)
			AfterProcessingInitializeOnLoad (9ms)
			EditorAssembliesLoaded (0ms)
		ExecutionOrderSort2 (0ms)
		AwakeInstancesAfterBackupRestoration (7ms)
Refreshing native plugins compatible for Editor in 5.26 ms, found 3 plugins.
Preloading 0 native plugins for Editor in 0.00 ms.
Unloading 3200 Unused Serialized files (Serialized files now loaded: 0)
Unloading 37 unused Assets / (35.8 KB). Loaded Objects now: 3691.
Memory consumption went from 124.4 MB to 124.4 MB.
Total: 2.531600 ms (FindLiveObjects: 0.254700 ms CreateObjectMapping: 0.082500 ms MarkObjects: 2.140600 ms  DeleteObjects: 0.053000 ms)

Prepare: number of updated asset objects reloaded= 0
AssetImportParameters requested are different than current active one (requested -> active):
  custom:scripting/monoscript/fileName/CreateObjectsSystem.cs: 3191c376192eadd8d521ea0795ab42b5 -> 
  custom:scripting/monoscript/fileName/PlayerControlFeature.cs: 314f6a05c52d262a652c05ddecd92ff9 -> 
  custom:container-demuxer-ogg: 62fdf1f143b41e24485cea50d1cbac27 -> 
  custom:scripting/monoscript/fileName/GameViewComponent.cs: d36eb89180cb9336005a741784970394 -> 
  custom:video-decoder-ogg-theora: a1e56fd34408186e4bbccfd4996cb3dc -> 
  custom:scripting/monoscript/fileName/GameSpawnPlayerComponent.cs: d36eb89180cb9336005a741784970394 -> 
  custom:framework-win-MediaFoundation: 216162199b28c13a410421893ffa2e32 -> 
  custom:scripting/monoscript/fileName/ViewFeature.cs: 8712d1c6ecb3e74342d77867b4471eb3 -> 
  custom:scripting/monoscript/fileName/UpdatePositionsSystem.cs: f0b9dccac4ad634669982190eda8154b -> 
  custom:CustomObjectIndexerAttribute: 9a22284fe3817be447336de3de66b15e -> 
  custom:container-demuxer-webm: 4f35f7cbe854078d1ac9338744f61a02 -> 
  custom:scripting/monoscript/fileName/PrefabReference.cs: d2f60faba7e94a87f206215bed8e5707 -> 
  custom:scripting/monoscript/fileName/ViewComponent.cs: a8e535630dadf42c8e2a384a88fd3a19 -> 
  custom:container-muxer-webm: aa71ff27fc2769a1b78a27578f13a17b -> 
  custom:video-decoder-webm-vp8: 9c59270c3fd7afecdb556c50c9e8de78 -> 
  custom:SearchIndexIgnoredProperties: e643bd26f0fe6173181afceb89e7c659 -> 
  custom:scripting/monoscript/fileName/SpawnPlayerComponent.cs: 35982b699cd078cc842d225a76989267 -> 
  custom:AudioImporter_EditorPlatform: d09bf68614088b80899f8185d706f6e7 -> 
  custom:scripting/monoscript/fileName/MoversFeature.cs: b6b819dba6eded43e14b5f8030485ec5 -> 
  custom:scripting/monoscript/fileName/MovePlayerSystem.cs: aa011b502d22a38054bb9842f5f385cb -> 
  custom:scripting/monoscript/fileName/SpawnPlayerSystem.cs: 366c155a0e8ceb1cb057caa0c975650f -> 
  custom:video-encoder-webm-vp8: eb34c28f22e8b96e1ab97ce403110664 -> 
  custom:audio-decoder-ogg-vorbis: bf7c407c2cedff20999df2af8eb42d56 -> 
  custom:audio-encoder-webm-vorbis: bf7c407c2cedff20999df2af8eb42d56 -> 
  custom:scripting/monoscript/fileName/MoveCube.cs: 3e07750fb67413ef97d1a4999db37d26 -> 
  custom:scripting/precompiled-assembly-types:Assembly-CSharp: 0f03e02e1d6f553bbeec3f58395bf965 -> 451216b149daf53543bbcf767332becf
========================================================================
Received Prepare
Caller must complete domain reload
Begin MonoManager ReloadAssembly
- Loaded All Assemblies, in  0.448 seconds
Native extension for WindowsStandalone target not found
Mono: successfully reloaded assembly
- Finished resetting the current domain, in  0.812 seconds
Domain Reload Profiling: 1258ms
	BeginReloadAssembly (142ms)
		ExecutionOrderSort (0ms)
		DisableScriptedObjects (4ms)
		BackupInstance (0ms)
		ReleaseScriptingObjects (0ms)
		CreateAndSetChildDomain (31ms)
	RebuildCommonClasses (34ms)
	RebuildNativeTypeToScriptingClass (9ms)
	initialDomainReloadingComplete (35ms)
	LoadAllAssembliesAndSetupDomain (225ms)
		LoadAssemblies (286ms)
		RebuildTransferFunctionScriptingTraits (0ms)
		AnalyzeDomain (17ms)
			TypeCache.Refresh (10ms)
				TypeCache.ScanAssembly (0ms)
			ScanForSourceGeneratedMonoScriptInfo (0ms)
			ResolveRequiredComponents (5ms)
	FinalizeReload (812ms)
		ReleaseScriptCaches (0ms)
		RebuildScriptCaches (0ms)
		SetupLoadedEditorAssemblies (414ms)
			LogAssemblyErrors (0ms)
			InitializePlatformSupportModulesInManaged (7ms)
			SetLoadedEditorAssemblies (4ms)
			RefreshPlugins (0ms)
			BeforeProcessingInitializeOnLoad (54ms)
			ProcessInitializeOnLoadAttributes (316ms)
			ProcessInitializeOnLoadMethodAttributes (24ms)
			AfterProcessingInitializeOnLoad (9ms)
			EditorAssembliesLoaded (0ms)
		ExecutionOrderSort2 (0ms)
		AwakeInstancesAfterBackupRestoration (7ms)
Refreshing native plugins compatible for Editor in 5.48 ms, found 3 plugins.
Preloading 0 native plugins for Editor in 0.00 ms.
Unloading 3200 Unused Serialized files (Serialized files now loaded: 0)
Unloading 37 unused Assets / (37.0 KB). Loaded Objects now: 3694.
Memory consumption went from 124.4 MB to 124.4 MB.
Total: 3.108000 ms (FindLiveObjects: 0.267700 ms CreateObjectMapping: 0.129300 ms MarkObjects: 2.650800 ms  DeleteObjects: 0.059500 ms)

Prepare: number of updated asset objects reloaded= 0
AssetImportParameters requested are different than current active one (requested -> active):
  custom:scripting/monoscript/fileName/CreateObjectsSystem.cs: 3191c376192eadd8d521ea0795ab42b5 -> 
  custom:scripting/monoscript/fileName/PlayerControlFeature.cs: 314f6a05c52d262a652c05ddecd92ff9 -> 
  custom:container-demuxer-ogg: 62fdf1f143b41e24485cea50d1cbac27 -> 
  custom:scripting/monoscript/fileName/GameViewComponent.cs: d36eb89180cb9336005a741784970394 -> 
  custom:video-decoder-ogg-theora: a1e56fd34408186e4bbccfd4996cb3dc -> 
  custom:scripting/monoscript/fileName/GameSpawnPlayerComponent.cs: d36eb89180cb9336005a741784970394 -> 
  custom:framework-win-MediaFoundation: 216162199b28c13a410421893ffa2e32 -> 
  custom:scripting/monoscript/fileName/ViewFeature.cs: 8712d1c6ecb3e74342d77867b4471eb3 -> 
  custom:scripting/monoscript/fileName/UpdatePositionsSystem.cs: f0b9dccac4ad634669982190eda8154b -> 
  custom:CustomObjectIndexerAttribute: 9a22284fe3817be447336de3de66b15e -> 
  custom:container-demuxer-webm: 4f35f7cbe854078d1ac9338744f61a02 -> 
  custom:scripting/monoscript/fileName/PrefabReference.cs: d2f60faba7e94a87f206215bed8e5707 -> 
  custom:scripting/monoscript/fileName/ViewComponent.cs: a8e535630dadf42c8e2a384a88fd3a19 -> 
  custom:container-muxer-webm: aa71ff27fc2769a1b78a27578f13a17b -> 
  custom:video-decoder-webm-vp8: 9c59270c3fd7afecdb556c50c9e8de78 -> 
  custom:SearchIndexIgnoredProperties: e643bd26f0fe6173181afceb89e7c659 -> 
  custom:scripting/monoscript/fileName/SpawnPlayerComponent.cs: 35982b699cd078cc842d225a76989267 -> 
  custom:AudioImporter_EditorPlatform: d09bf68614088b80899f8185d706f6e7 -> 
  custom:scripting/monoscript/fileName/MoversFeature.cs: b6b819dba6eded43e14b5f8030485ec5 -> 
  custom:scripting/monoscript/fileName/MovePlayerSystem.cs: aa011b502d22a38054bb9842f5f385cb -> 
  custom:scripting/monoscript/fileName/SpawnPlayerSystem.cs: 366c155a0e8ceb1cb057caa0c975650f -> 
  custom:video-encoder-webm-vp8: eb34c28f22e8b96e1ab97ce403110664 -> 
  custom:audio-decoder-ogg-vorbis: bf7c407c2cedff20999df2af8eb42d56 -> 
  custom:audio-encoder-webm-vorbis: bf7c407c2cedff20999df2af8eb42d56 -> 
  custom:scripting/monoscript/fileName/MoveCube.cs: 3e07750fb67413ef97d1a4999db37d26 -> 
  custom:scripting/precompiled-assembly-types:Assembly-CSharp: 0f03e02e1d6f553bbeec3f58395bf965 -> 451216b149daf53543bbcf767332becf
